<?xml version="1.0" encoding="UTF-8"?>
<!-- Generated by org.testng.reporters.JUnitReportReporter -->
<testsuite hostname="DESKTOP-H2MH4IG" name="com.training.sanity.tests.RETC_001_RegistrationTest" tests="1" failures="0" timestamp="7 May 2020 06:07:58 GMT" time="66.413" errors="0">
  <testcase name="validRegisterTest" time="66.413" classname="com.training.sanity.tests.RETC_001_RegistrationTest"/>
</testsuite> <!-- com.training.sanity.tests.RETC_001_RegistrationTest -->
