<?xml version="1.0" encoding="UTF-8"?>
<!-- Generated by org.testng.reporters.JUnitReportReporter -->
<testsuite hostname="DESKTOP-H2MH4IG" name="com.training.sanity.tests.RETC_022_ChangeUserRoleByAdmin" tests="3" failures="0" timestamp="10 May 2020 13:56:10 GMT" time="52.982" errors="0">
  <testcase name="clickUsersLinkTest" time="6.599" classname="com.training.sanity.tests.RETC_022_ChangeUserRoleByAdmin"/>
  <testcase name="changeUserRoleTest" time="30.963" classname="com.training.sanity.tests.RETC_022_ChangeUserRoleByAdmin"/>
  <testcase name="adminLoginTest" time="15.420" classname="com.training.sanity.tests.RETC_022_ChangeUserRoleByAdmin"/>
</testsuite> <!-- com.training.sanity.tests.RETC_022_ChangeUserRoleByAdmin -->
