<?xml version="1.0" encoding="UTF-8"?>
<!-- Generated by org.testng.reporters.JUnitReportReporter -->
<testsuite hostname="DESKTOP-H2MH4IG" name="com.training.sanity.tests.RETC_002_LoginRegUser" tests="1" failures="0" timestamp="9 May 2020 12:02:41 GMT" time="47.781" errors="0">
  <testcase name="regUserLoginTest" time="47.781" classname="com.training.sanity.tests.RETC_002_LoginRegUser"/>
</testsuite> <!-- com.training.sanity.tests.RETC_002_LoginRegUser -->
