<?xml version="1.0" encoding="UTF-8"?>
<!-- Generated by org.testng.reporters.JUnitReportReporter -->
<testsuite hostname="DESKTOP-H2MH4IG" name="com.training.sanity.tests.RETC010_RegistrationTest" tests="1" failures="0" timestamp="6 May 2020 05:20:04 GMT" time="50.021" errors="0">
  <testcase name="validRegisterTest" time="50.021" classname="com.training.sanity.tests.RETC010_RegistrationTest"/>
</testsuite> <!-- com.training.sanity.tests.RETC010_RegistrationTest -->
